STEP in Solid Edge konvertieren
Datum: Freitag,März 28,2025 01:50
Quelldatei: D:\Github\OSAMBot\Robotic_Platform_v1\CAD\STEP-Files\Motorplate.stp
Autor: Unknown
Organisation: Unknown
Ausgangssystem: SIEMENS PLM Software NX 2000

Hardware:
Prozessor: Intel(R) Xeon(R) W-2225 CPU @ 4.10GHz
Betriebssystem: Windows 11 Enterprise Edition Version:23H2 Build:22631 System Type:64-bit
Installierter Speicher: 31.55 GB

Software-Informationen
Parasolid-Version: 37.0.118
PSBodyShop-Version: 37.0.94
Step-Adapterversion: 15.0.142
Solid Edge-Version: 225.00.01.004 x64

Step-Importoptionen
Facettierte Körper importieren: Ein
Prüfkörper importieren: Aus
Kurven importieren: Ein
DoNotSave importieren: Ein
Mehrere Körper als Einzelteildatei importieren: Ein
Importoptimierung:Aus
Flächenvernähung importieren: Ein
Boolesche Körper importieren: Ein
Basisformelement erstellen: Ein
Geometrie vereinfachen: Ein
Druckkurven importieren: Ein
Führung importieren: C:
Flächenvernähung importieren: Ein
Flächen importieren: Ein
Ausgabepfad importieren: D:\Github\OSAMBot\Robotic_Platform_v1\CAD\STEP-Files
Aktivieren des standardmäßigen Ausgabepfads importieren: Ein
PMI importieren: Aus
Als interne Komponenten importieren: Aus
Pfad importieren: 

Übersetzen in Parasolid-Datentypen...
Konvertierungsvorgang ist abgeschlossen
Zur Übersetzung und Nachbearbeitung erforderte Gesamtzeit:00 : 00 : 00
