Solid Edge in STEP konvertieren
Datum: Thursday,March 27,2025 07:52AM
Ausgabedatei: D:\DP\Robotic_Platform_v1-Zustand_1 - Anpassung für Github\study\clean\STEP-Files\vertical-profile-adapter-plate.stp
Autor: Unknown
Organisation: Unknown
Ausgangssystem: Solid Edge

Hardware:
Prozessor: Intel(R) Xeon(R) W-2225 CPU @ 4.10GHz
Betriebssystem: Windows 11 Enterprise Edition Version:23H2 Build:22631 System Type:64-bit
Installierter Speicher: 31.55 GB

Software-Informationen
Parasolid-Version: 37.0.118
PSBodyShop-Version: 37.0.94
Step-Adapterversion: 15.0.142
Solid Edge-Version: 225.00.01.004 x64

STEP-Exportoptionen
Exportformat: AP214
Konstruktionsbleche exportieren: Aus
Konstruktionsvolumen exportieren: Aus
Konstruktionsdrähte exportieren: Aus
Nur angezeigte Teile exportieren: Aus
Einheiten: Millimeters
Namen von Teilkomponenten exportieren als Unicode: Aus
PMI exportieren: Aus

Phase 1 von 1 - Parasolid in Fremddatentypen konvertieren...
Konvertierungsvorgang ist abgeschlossen
Zum Übersetzen benötigte Zeit:00 : 00 : 00
